<?xml version="1.0" encoding="UTF-8"?>
<testsuite xmlns:xsi="http://www.w3.org/2001/XMLSchema-instance" xsi:noNamespaceSchemaLocation="https://maven.apache.org/surefire/maven-surefire-plugin/xsd/surefire-test-report-3.0.xsd" version="3.0" name="br.com.ms_carrinho_compras.MsCarrinhoApplicationTests" time="7.842" tests="1" errors="0" skipped="0" failures="0">
  <properties>
[...]
</properties>
  <testcase name="contextLoads" classname="br.com.ms_carrinho_compras.MsCarrinhoApplicationTests" time="0.463">
    <system-out><![CDATA[13:03:54.961 [main] INFO org.springframework.test.context.support.AnnotationConfigContextLoaderUtils -- Could not detect default configuration classes for test class [br.com.ms_carrinho_compras.MsCarrinhoApplicationTests]: MsCarrinhoApplicationTests does not declare any static, non-private, non-final, nested classes annotated with @Configuration.
13:03:55.037 [main] INFO org.springframework.boot.test.context.SpringBootTestContextBootstrapper -- Found @SpringBootConfiguration br.com.ms_carrinho_compras.MsCarrinhoApplication for test class br.com.ms_carrinho_compras.MsCarrinhoApplicationTests
13:03:55.179 [main] INFO org.springframework.boot.devtools.restart.RestartApplicationListener -- Restart disabled due to context in which it is running
  .   ____          _            __ _ _
 /\\ / ___'_ __ _ _(_)_ __  __ _ \ \ \ \
( ( )\___ | '_ | '_| | '_ \/ _` | \ \ \ \
 \\/  ___)| |_)| | | | | || (_| |  ) ) ) )
  '  |____| .__|_| |_|_| |_\__, | / / / /
 =========|_|==============|___/=/_/_/_/

 :: Spring Boot ::                (v3.3.0)

2024-07-14T13:03:55.386-03:00  INFO 15732 --- [MS_Carrinho_Compras] [           main] b.c.m.MsCarrinhoApplicationTests         : Starting MsCarrinhoApplicationTests using Java 17.0.1 with PID 15732 (started by flavi in C:\git\ecommerce-flavia\Ecommerce\MS_Carrinho_Compras)
2024-07-14T13:03:55.387-03:00  INFO 15732 --- [MS_Carrinho_Compras] [           main] b.c.m.MsCarrinhoApplicationTests         : No active profile set, falling back to 1 default profile: "default"
2024-07-14T13:03:56.453-03:00  INFO 15732 --- [MS_Carrinho_Compras] [           main] .s.d.r.c.RepositoryConfigurationDelegate : Bootstrapping Spring Data JPA repositories in DEFAULT mode.
2024-07-14T13:03:56.567-03:00  INFO 15732 --- [MS_Carrinho_Compras] [           main] .s.d.r.c.RepositoryConfigurationDelegate : Finished Spring Data repository scanning in 106 ms. Found 2 JPA repository interfaces.
2024-07-14T13:03:56.671-03:00  INFO 15732 --- [MS_Carrinho_Compras] [           main] faultConfiguringBeanFactoryPostProcessor : No bean named 'errorChannel' has been explicitly defined. Therefore, a default PublishSubscribeChannel will be created.
2024-07-14T13:03:56.680-03:00  INFO 15732 --- [MS_Carrinho_Compras] [           main] faultConfiguringBeanFactoryPostProcessor : No bean named 'integrationHeaderChannelRegistry' has been explicitly defined. Therefore, a default DefaultHeaderChannelRegistry will be created.
2024-07-14T13:03:57.098-03:00  WARN 15732 --- [MS_Carrinho_Compras] [           main] trationDelegate$BeanPostProcessorChecker : Bean 'org.springframework.boot.autoconfigure.jdbc.DataSourceConfiguration$Hikari' of type [org.springframework.boot.autoconfigure.jdbc.DataSourceConfiguration$Hikari] is not eligible for getting processed by all BeanPostProcessors (for example: not eligible for auto-proxying). Is this bean getting eagerly injected into a currently created BeanPostProcessor [jobRegistryBeanPostProcessor]? Check the corresponding BeanPostProcessor declaration and its dependencies.
2024-07-14T13:03:57.121-03:00  WARN 15732 --- [MS_Carrinho_Compras] [           main] trationDelegate$BeanPostProcessorChecker : Bean 'spring.datasource-org.springframework.boot.autoconfigure.jdbc.DataSourceProperties' of type [org.springframework.boot.autoconfigure.jdbc.DataSourceProperties] is not eligible for getting processed by all BeanPostProcessors (for example: not eligible for auto-proxying). Is this bean getting eagerly injected into a currently created BeanPostProcessor [jobRegistryBeanPostProcessor]? Check the corresponding BeanPostProcessor declaration and its dependencies.
2024-07-14T13:03:57.124-03:00  WARN 15732 --- [MS_Carrinho_Compras] [           main] trationDelegate$BeanPostProcessorChecker : Bean 'org.springframework.boot.autoconfigure.jdbc.DataSourceAutoConfiguration$PooledDataSourceConfiguration' of type [org.springframework.boot.autoconfigure.jdbc.DataSourceAutoConfiguration$PooledDataSourceConfiguration] is not eligible for getting processed by all BeanPostProcessors (for example: not eligible for auto-proxying). Is this bean getting eagerly injected into a currently created BeanPostProcessor [jobRegistryBeanPostProcessor]? Check the corresponding BeanPostProcessor declaration and its dependencies.
2024-07-14T13:03:57.127-03:00  WARN 15732 --- [MS_Carrinho_Compras] [           main] trationDelegate$BeanPostProcessorChecker : Bean 'jdbcConnectionDetails' of type [org.springframework.boot.autoconfigure.jdbc.PropertiesJdbcConnectionDetails] is not eligible for getting processed by all BeanPostProcessors (for example: not eligible for auto-proxying). Is this bean getting eagerly injected into a currently created BeanPostProcessor [jobRegistryBeanPostProcessor]? Check the corresponding BeanPostProcessor declaration and its dependencies.
2024-07-14T13:03:57.143-03:00  WARN 15732 --- [MS_Carrinho_Compras] [           main] trationDelegate$BeanPostProcessorChecker : Bean 'dataSource' of type [com.zaxxer.hikari.HikariDataSource] is not eligible for getting processed by all BeanPostProcessors (for example: not eligible for auto-proxying). Is this bean getting eagerly injected into a currently created BeanPostProcessor [jobRegistryBeanPostProcessor]? Check the corresponding BeanPostProcessor declaration and its dependencies.
2024-07-14T13:03:57.155-03:00  WARN 15732 --- [MS_Carrinho_Compras] [           main] trationDelegate$BeanPostProcessorChecker : Bean 'spring.jpa-org.springframework.boot.autoconfigure.orm.jpa.JpaProperties' of type [org.springframework.boot.autoconfigure.orm.jpa.JpaProperties] is not eligible for getting processed by all BeanPostProcessors (for example: not eligible for auto-proxying). Is this bean getting eagerly injected into a currently created BeanPostProcessor [jobRegistryBeanPostProcessor]? Check the corresponding BeanPostProcessor declaration and its dependencies.
2024-07-14T13:03:57.159-03:00  WARN 15732 --- [MS_Carrinho_Compras] [           main] trationDelegate$BeanPostProcessorChecker : Bean 'spring.jpa.hibernate-org.springframework.boot.autoconfigure.orm.jpa.HibernateProperties' of type [org.springframework.boot.autoconfigure.orm.jpa.HibernateProperties] is not eligible for getting processed by all BeanPostProcessors (for example: not eligible for auto-proxying). Is this bean getting eagerly injected into a currently created BeanPostProcessor [jobRegistryBeanPostProcessor]? Check the corresponding BeanPostProcessor declaration and its dependencies.
2024-07-14T13:03:57.162-03:00  WARN 15732 --- [MS_Carrinho_Compras] [           main] trationDelegate$BeanPostProcessorChecker : Bean 'org.springframework.boot.autoconfigure.jdbc.metadata.DataSourcePoolMetadataProvidersConfiguration$HikariPoolDataSourceMetadataProviderConfiguration' of type [org.springframework.boot.autoconfigure.jdbc.metadata.DataSourcePoolMetadataProvidersConfiguration$HikariPoolDataSourceMetadataProviderConfiguration] is not eligible for getting processed by all BeanPostProcessors (for example: not eligible for auto-proxying). Is this bean getting eagerly injected into a currently created BeanPostProcessor [jobRegistryBeanPostProcessor]? Check the corresponding BeanPostProcessor declaration and its dependencies.
2024-07-14T13:03:57.165-03:00  WARN 15732 --- [MS_Carrinho_Compras] [           main] trationDelegate$BeanPostProcessorChecker : Bean 'hikariPoolDataSourceMetadataProvider' of type [org.springframework.boot.autoconfigure.jdbc.metadata.DataSourcePoolMetadataProvidersConfiguration$HikariPoolDataSourceMetadataProviderConfiguration$$Lambda$987/0x0000000801130228] is not eligible for getting processed by all BeanPostProcessors (for example: not eligible for auto-proxying). Is this bean getting eagerly injected into a currently created BeanPostProcessor [jobRegistryBeanPostProcessor]? Check the corresponding BeanPostProcessor declaration and its dependencies.
2024-07-14T13:03:57.171-03:00  WARN 15732 --- [MS_Carrinho_Compras] [           main] trationDelegate$BeanPostProcessorChecker : Bean 'org.springframework.boot.autoconfigure.orm.jpa.HibernateJpaConfiguration' of type [org.springframework.boot.autoconfigure.orm.jpa.HibernateJpaConfiguration] is not eligible for getting processed by all BeanPostProcessors (for example: not eligible for auto-proxying). Is this bean getting eagerly injected into a currently created BeanPostProcessor [jobRegistryBeanPostProcessor]? Check the corresponding BeanPostProcessor declaration and its dependencies.
2024-07-14T13:03:57.178-03:00  WARN 15732 --- [MS_Carrinho_Compras] [           main] trationDelegate$BeanPostProcessorChecker : Bean 'org.springframework.boot.autoconfigure.transaction.TransactionManagerCustomizationAutoConfiguration' of type [org.springframework.boot.autoconfigure.transaction.TransactionManagerCustomizationAutoConfiguration] is not eligible for getting processed by all BeanPostProcessors (for example: not eligible for auto-proxying). Is this bean getting eagerly injected into a currently created BeanPostProcessor [jobRegistryBeanPostProcessor]? Check the corresponding BeanPostProcessor declaration and its dependencies.
2024-07-14T13:03:57.183-03:00  WARN 15732 --- [MS_Carrinho_Compras] [           main] trationDelegate$BeanPostProcessorChecker : Bean 'transactionExecutionListeners' of type [org.springframework.boot.autoconfigure.transaction.ExecutionListenersTransactionManagerCustomizer] is not eligible for getting processed by all BeanPostProcessors (for example: not eligible for auto-proxying). Is this bean getting eagerly injected into a currently created BeanPostProcessor [jobRegistryBeanPostProcessor]? Check the corresponding BeanPostProcessor declaration and its dependencies.
2024-07-14T13:03:57.187-03:00  WARN 15732 --- [MS_Carrinho_Compras] [           main] trationDelegate$BeanPostProcessorChecker : Bean 'spring.transaction-org.springframework.boot.autoconfigure.transaction.TransactionProperties' of type [org.springframework.boot.autoconfigure.transaction.TransactionProperties] is not eligible for getting processed by all BeanPostProcessors (for example: not eligible for auto-proxying). Is this bean getting eagerly injected into a currently created BeanPostProcessor [jobRegistryBeanPostProcessor]? Check the corresponding BeanPostProcessor declaration and its dependencies.
2024-07-14T13:03:57.189-03:00  WARN 15732 --- [MS_Carrinho_Compras] [           main] trationDelegate$BeanPostProcessorChecker : Bean 'platformTransactionManagerCustomizers' of type [org.springframework.boot.autoconfigure.transaction.TransactionManagerCustomizers] is not eligible for getting processed by all BeanPostProcessors (for example: not eligible for auto-proxying). Is this bean getting eagerly injected into a currently created BeanPostProcessor [jobRegistryBeanPostProcessor]? Check the corresponding BeanPostProcessor declaration and its dependencies.
2024-07-14T13:03:57.200-03:00  WARN 15732 --- [MS_Carrinho_Compras] [           main] trationDelegate$BeanPostProcessorChecker : Bean 'org.springframework.boot.autoconfigure.sql.init.DataSourceInitializationConfiguration' of type [org.springframework.boot.autoconfigure.sql.init.DataSourceInitializationConfiguration] is not eligible for getting processed by all BeanPostProcessors (for example: not eligible for auto-proxying). Is this bean getting eagerly injected into a currently created BeanPostProcessor [jobRegistryBeanPostProcessor]? Check the corresponding BeanPostProcessor declaration and its dependencies.
2024-07-14T13:03:57.210-03:00  WARN 15732 --- [MS_Carrinho_Compras] [           main] trationDelegate$BeanPostProcessorChecker : Bean 'spring.sql.init-org.springframework.boot.autoconfigure.sql.init.SqlInitializationProperties' of type [org.springframework.boot.autoconfigure.sql.init.SqlInitializationProperties] is not eligible for getting processed by all BeanPostProcessors (for example: not eligible for auto-proxying). Is this bean getting eagerly injected into a currently created BeanPostProcessor [jobRegistryBeanPostProcessor]? Check the corresponding BeanPostProcessor declaration and its dependencies.
2024-07-14T13:03:57.216-03:00  WARN 15732 --- [MS_Carrinho_Compras] [           main] trationDelegate$BeanPostProcessorChecker : Bean 'dataSourceScriptDatabaseInitializer' of type [org.springframework.boot.autoconfigure.sql.init.SqlDataSourceScriptDatabaseInitializer] is not eligible for getting processed by all BeanPostProcessors (for example: not eligible for auto-proxying). Is this bean getting eagerly injected into a currently created BeanPostProcessor [jobRegistryBeanPostProcessor]? Check the corresponding BeanPostProcessor declaration and its dependencies.
2024-07-14T13:03:57.219-03:00  WARN 15732 --- [MS_Carrinho_Compras] [           main] trationDelegate$BeanPostProcessorChecker : Bean 'org.springframework.boot.autoconfigure.batch.BatchAutoConfiguration$DataSourceInitializerConfiguration' of type [org.springframework.boot.autoconfigure.batch.BatchAutoConfiguration$DataSourceInitializerConfiguration] is not eligible for getting processed by all BeanPostProcessors (for example: not eligible for auto-proxying). Is this bean getting eagerly injected into a currently created BeanPostProcessor [jobRegistryBeanPostProcessor]? Check the corresponding BeanPostProcessor declaration and its dependencies.
2024-07-14T13:03:57.224-03:00  WARN 15732 --- [MS_Carrinho_Compras] [           main] trationDelegate$BeanPostProcessorChecker : Bean 'spring.batch-org.springframework.boot.autoconfigure.batch.BatchProperties' of type [org.springframework.boot.autoconfigure.batch.BatchProperties] is not eligible for getting processed by all BeanPostProcessors (for example: not eligible for auto-proxying). Is this bean getting eagerly injected into a currently created BeanPostProcessor [jobRegistryBeanPostProcessor]? Check the corresponding BeanPostProcessor declaration and its dependencies.
2024-07-14T13:03:57.235-03:00  INFO 15732 --- [MS_Carrinho_Compras] [           main] com.zaxxer.hikari.HikariDataSource       : HikariPool-1 - Starting...
2024-07-14T13:03:57.495-03:00  INFO 15732 --- [MS_Carrinho_Compras] [           main] com.zaxxer.hikari.pool.HikariPool        : HikariPool-1 - Added connection org.postgresql.jdbc.PgConnection@324e8baa
2024-07-14T13:03:57.497-03:00  INFO 15732 --- [MS_Carrinho_Compras] [           main] com.zaxxer.hikari.HikariDataSource       : HikariPool-1 - Start completed.
2024-07-14T13:03:57.541-03:00  WARN 15732 --- [MS_Carrinho_Compras] [           main] trationDelegate$BeanPostProcessorChecker : Bean 'batchDataSourceInitializer' of type [org.springframework.boot.autoconfigure.batch.BatchDataSourceScriptDatabaseInitializer] is not eligible for getting processed by all BeanPostProcessors (for example: not eligible for auto-proxying). Is this bean getting eagerly injected into a currently created BeanPostProcessor [jobRegistryBeanPostProcessor]? Check the corresponding BeanPostProcessor declaration and its dependencies.
2024-07-14T13:03:57.554-03:00  WARN 15732 --- [MS_Carrinho_Compras] [           main] trationDelegate$BeanPostProcessorChecker : Bean 'jpaVendorAdapter' of type [org.springframework.orm.jpa.vendor.HibernateJpaVendorAdapter] is not eligible for getting processed by all BeanPostProcessors (for example: not eligible for auto-proxying). Is this bean getting eagerly injected into a currently created BeanPostProcessor [jobRegistryBeanPostProcessor]? Check the corresponding BeanPostProcessor declaration and its dependencies.
2024-07-14T13:03:57.559-03:00  WARN 15732 --- [MS_Carrinho_Compras] [           main] trationDelegate$BeanPostProcessorChecker : Bean 'entityManagerFactoryBuilder' of type [org.springframework.boot.orm.jpa.EntityManagerFactoryBuilder] is not eligible for getting processed by all BeanPostProcessors (for example: not eligible for auto-proxying). Is this bean getting eagerly injected into a currently created BeanPostProcessor [jobRegistryBeanPostProcessor]? Check the corresponding BeanPostProcessor declaration and its dependencies.
2024-07-14T13:03:57.572-03:00  WARN 15732 --- [MS_Carrinho_Compras] [           main] trationDelegate$BeanPostProcessorChecker : Bean 'persistenceManagedTypes' of type [org.springframework.orm.jpa.persistenceunit.SimplePersistenceManagedTypes] is not eligible for getting processed by all BeanPostProcessors (for example: not eligible for auto-proxying). Is this bean getting eagerly injected into a currently created BeanPostProcessor [jobRegistryBeanPostProcessor]? Check the corresponding BeanPostProcessor declaration and its dependencies.
2024-07-14T13:03:57.608-03:00  INFO 15732 --- [MS_Carrinho_Compras] [           main] o.hibernate.jpa.internal.util.LogHelper  : HHH000204: Processing PersistenceUnitInfo [name: default]
2024-07-14T13:03:57.675-03:00  INFO 15732 --- [MS_Carrinho_Compras] [           main] org.hibernate.Version                    : HHH000412: Hibernate ORM core version 6.5.2.Final
2024-07-14T13:03:57.734-03:00  INFO 15732 --- [MS_Carrinho_Compras] [           main] o.h.c.internal.RegionFactoryInitiator    : HHH000026: Second-level cache disabled
2024-07-14T13:03:58.040-03:00  INFO 15732 --- [MS_Carrinho_Compras] [           main] o.s.o.j.p.SpringPersistenceUnitInfo      : No LoadTimeWeaver setup: ignoring JPA class transformer
2024-07-14T13:03:58.113-03:00  WARN 15732 --- [MS_Carrinho_Compras] [           main] org.hibernate.orm.deprecation            : HHH90000025: PostgreSQLDialect does not need to be specified explicitly using 'hibernate.dialect' (remove the property setting and it will be selected by default)
2024-07-14T13:03:58.964-03:00  INFO 15732 --- [MS_Carrinho_Compras] [           main] o.h.e.t.j.p.i.JtaPlatformInitiator       : HHH000489: No JTA platform available (set 'hibernate.transaction.jta.platform' to enable JTA platform integration)
2024-07-14T13:03:58.980-03:00  WARN 15732 --- [MS_Carrinho_Compras] [           main] o.h.engine.jdbc.spi.SqlExceptionHelper   : SQL Warning Code: 0, SQLState: 00000
2024-07-14T13:03:58.980-03:00  WARN 15732 --- [MS_Carrinho_Compras] [           main] o.h.engine.jdbc.spi.SqlExceptionHelper   : relation "tb_item_carrinho" does not exist, skipping
2024-07-14T13:03:58.982-03:00  WARN 15732 --- [MS_Carrinho_Compras] [           main] o.h.engine.jdbc.spi.SqlExceptionHelper   : SQL Warning Code: 0, SQLState: 00000
2024-07-14T13:03:58.982-03:00  WARN 15732 --- [MS_Carrinho_Compras] [           main] o.h.engine.jdbc.spi.SqlExceptionHelper   : table "tb_carrinho" does not exist, skipping
2024-07-14T13:03:58.984-03:00  WARN 15732 --- [MS_Carrinho_Compras] [           main] o.h.engine.jdbc.spi.SqlExceptionHelper   : SQL Warning Code: 0, SQLState: 00000
2024-07-14T13:03:58.984-03:00  WARN 15732 --- [MS_Carrinho_Compras] [           main] o.h.engine.jdbc.spi.SqlExceptionHelper   : table "tb_item_carrinho" does not exist, skipping
2024-07-14T13:03:59.033-03:00  INFO 15732 --- [MS_Carrinho_Compras] [           main] j.LocalContainerEntityManagerFactoryBean : Initialized JPA EntityManagerFactory for persistence unit 'default'
2024-07-14T13:03:59.036-03:00  WARN 15732 --- [MS_Carrinho_Compras] [           main] trationDelegate$BeanPostProcessorChecker : Bean 'entityManagerFactory' of type [org.springframework.orm.jpa.LocalContainerEntityManagerFactoryBean] is not eligible for getting processed by all BeanPostProcessors (for example: not eligible for auto-proxying). Is this bean getting eagerly injected into a currently created BeanPostProcessor [jobRegistryBeanPostProcessor]? Check the corresponding BeanPostProcessor declaration and its dependencies.
2024-07-14T13:03:59.039-03:00  WARN 15732 --- [MS_Carrinho_Compras] [           main] trationDelegate$BeanPostProcessorChecker : Bean 'entityManagerFactory' of type [jdk.proxy2.$Proxy158] is not eligible for getting processed by all BeanPostProcessors (for example: not eligible for auto-proxying). Is this bean getting eagerly injected into a currently created BeanPostProcessor [jobRegistryBeanPostProcessor]? Check the corresponding BeanPostProcessor declaration and its dependencies.
2024-07-14T13:03:59.047-03:00  WARN 15732 --- [MS_Carrinho_Compras] [           main] trationDelegate$BeanPostProcessorChecker : Bean 'transactionManager' of type [org.springframework.orm.jpa.JpaTransactionManager] is not eligible for getting processed by all BeanPostProcessors (for example: not eligible for auto-proxying). Is this bean getting eagerly injected into a currently created BeanPostProcessor [jobRegistryBeanPostProcessor]? Check the corresponding BeanPostProcessor declaration and its dependencies.
2024-07-14T13:03:59.057-03:00  WARN 15732 --- [MS_Carrinho_Compras] [           main] trationDelegate$BeanPostProcessorChecker : Bean 'org.springframework.boot.autoconfigure.batch.BatchAutoConfiguration$SpringBootBatchConfiguration' of type [org.springframework.boot.autoconfigure.batch.BatchAutoConfiguration$SpringBootBatchConfiguration] is not eligible for getting processed by all BeanPostProcessors (for example: not eligible for auto-proxying). The currently created BeanPostProcessor [jobRegistryBeanPostProcessor] is declared through a non-static factory method on that class; consider declaring it as static instead.
2024-07-14T13:03:59.394-03:00  INFO 15732 --- [MS_Carrinho_Compras] [           main] o.s.d.j.r.query.QueryEnhancerFactory     : Hibernate is in classpath; If applicable, HQL parser will be used.
2024-07-14T13:04:00.286-03:00  WARN 15732 --- [MS_Carrinho_Compras] [           main] JpaBaseConfiguration$JpaWebConfiguration : spring.jpa.open-in-view is enabled by default. Therefore, database queries may be performed during view rendering. Explicitly configure spring.jpa.open-in-view to disable this warning
2024-07-14T13:04:01.677-03:00  WARN 15732 --- [MS_Carrinho_Compras] [           main] .s.s.UserDetailsServiceAutoConfiguration : 

Using generated security password: 9d95377c-4dfe-4e8c-8d16-bfb5495bd6c1

This generated password is for development use only. Your security configuration must be updated before running your application in production.

2024-07-14T13:04:01.698-03:00  INFO 15732 --- [MS_Carrinho_Compras] [           main] r$InitializeUserDetailsManagerConfigurer : Global AuthenticationManager configured with UserDetailsService bean with name inMemoryUserDetailsManager
2024-07-14T13:04:01.812-03:00  INFO 15732 --- [MS_Carrinho_Compras] [           main] o.s.c.f.web.mvc.FunctionHandlerMapping   : FunctionCatalog: org.springframework.cloud.function.context.catalog.BeanFactoryAwareFunctionRegistry@7dc155b3
2024-07-14T13:04:01.834-03:00  INFO 15732 --- [MS_Carrinho_Compras] [           main] o.s.b.a.e.web.EndpointLinksResolver      : Exposing 1 endpoint beneath base path '/actuator'
2024-07-14T13:04:01.867-03:00  INFO 15732 --- [MS_Carrinho_Compras] [           main] o.s.s.web.DefaultSecurityFilterChain     : Will secure any request with [org.springframework.security.web.session.DisableEncodeUrlFilter@30760c5, org.springframework.security.web.context.request.async.WebAsyncManagerIntegrationFilter@26a8e303, org.springframework.security.web.context.SecurityContextHolderFilter@16914a63, org.springframework.security.web.header.HeaderWriterFilter@4cf2b47a, org.springframework.web.filter.CorsFilter@18365e98, org.springframework.security.web.csrf.CsrfFilter@697ea6b2, org.springframework.security.web.authentication.logout.LogoutFilter@7890189, org.springframework.security.web.authentication.UsernamePasswordAuthenticationFilter@ae8aade, org.springframework.security.web.authentication.ui.DefaultLoginPageGeneratingFilter@6685d5e4, org.springframework.security.web.authentication.ui.DefaultLogoutPageGeneratingFilter@4c8c3285, org.springframework.security.web.authentication.www.BasicAuthenticationFilter@50603313, org.springframework.security.web.savedrequest.RequestCacheAwareFilter@4da584e, org.springframework.security.web.servletapi.SecurityContextHolderAwareRequestFilter@6ad259d, org.springframework.security.web.authentication.AnonymousAuthenticationFilter@74b57299, org.springframework.security.web.access.ExceptionTranslationFilter@3f6094da, org.springframework.security.web.access.intercept.AuthorizationFilter@65d3d7d7]
2024-07-14T13:04:02.133-03:00  INFO 15732 --- [MS_Carrinho_Compras] [           main] o.s.i.endpoint.EventDrivenConsumer       : Adding {logging-channel-adapter:_org.springframework.integration.errorLogger} as a subscriber to the 'errorChannel' channel
2024-07-14T13:04:02.134-03:00  INFO 15732 --- [MS_Carrinho_Compras] [           main] o.s.i.channel.PublishSubscribeChannel    : Channel 'MS_Carrinho_Compras.errorChannel' has 1 subscriber(s).
2024-07-14T13:04:02.135-03:00  INFO 15732 --- [MS_Carrinho_Compras] [           main] o.s.i.endpoint.EventDrivenConsumer       : started bean '_org.springframework.integration.errorLogger'
2024-07-14T13:04:02.135-03:00  INFO 15732 --- [MS_Carrinho_Compras] [           main] o.s.i.endpoint.EventDrivenConsumer       : Adding {http:outbound-gateway} as a subscriber to the 'consultaProduto' channel
2024-07-14T13:04:02.135-03:00  INFO 15732 --- [MS_Carrinho_Compras] [           main] o.s.integration.channel.DirectChannel    : Channel 'MS_Carrinho_Compras.consultaProduto' has 1 subscriber(s).
2024-07-14T13:04:02.135-03:00  INFO 15732 --- [MS_Carrinho_Compras] [           main] o.s.i.endpoint.EventDrivenConsumer       : started bean 'consultaProdutoFlow.org.springframework.integration.config.ConsumerEndpointFactoryBean#0'; defined in: 'class path resource [br/com/ms_carrinho_compras/integration/ConsultaProdutoConfiguration.class]'; from source: 'bean method consultaProdutoFlow'
2024-07-14T13:04:02.135-03:00  INFO 15732 --- [MS_Carrinho_Compras] [           main] o.s.i.endpoint.EventDrivenConsumer       : Adding {bridge} as a subscriber to the 'consultaProdutoFlow.channel#1' channel
2024-07-14T13:04:02.135-03:00  INFO 15732 --- [MS_Carrinho_Compras] [           main] o.s.integration.channel.DirectChannel    : Channel 'MS_Carrinho_Compras.consultaProdutoFlow.channel#1' has 1 subscriber(s).
2024-07-14T13:04:02.135-03:00  INFO 15732 --- [MS_Carrinho_Compras] [           main] o.s.i.endpoint.EventDrivenConsumer       : started bean 'consultaProdutoFlow.org.springframework.integration.config.ConsumerEndpointFactoryBean#1'; defined in: 'class path resource [br/com/ms_carrinho_compras/integration/ConsultaProdutoConfiguration.class]'; from source: 'bean method consultaProdutoFlow'
2024-07-14T13:04:02.136-03:00  INFO 15732 --- [MS_Carrinho_Compras] [           main] o.s.i.endpoint.EventDrivenConsumer       : Adding {http:outbound-gateway} as a subscriber to the 'consultaUsuario' channel
2024-07-14T13:04:02.136-03:00  INFO 15732 --- [MS_Carrinho_Compras] [           main] o.s.integration.channel.DirectChannel    : Channel 'MS_Carrinho_Compras.consultaUsuario' has 1 subscriber(s).
2024-07-14T13:04:02.136-03:00  INFO 15732 --- [MS_Carrinho_Compras] [           main] o.s.i.endpoint.EventDrivenConsumer       : started bean 'consultaUsuarioFlow.org.springframework.integration.config.ConsumerEndpointFactoryBean#0'; defined in: 'class path resource [br/com/ms_carrinho_compras/integration/ConsultaUsuarioConfiguration.class]'; from source: 'bean method consultaUsuarioFlow'
2024-07-14T13:04:02.136-03:00  INFO 15732 --- [MS_Carrinho_Compras] [           main] o.s.i.endpoint.EventDrivenConsumer       : Adding {bridge} as a subscriber to the 'consultaUsuarioFlow.channel#1' channel
2024-07-14T13:04:02.136-03:00  INFO 15732 --- [MS_Carrinho_Compras] [           main] o.s.integration.channel.DirectChannel    : Channel 'MS_Carrinho_Compras.consultaUsuarioFlow.channel#1' has 1 subscriber(s).
2024-07-14T13:04:02.136-03:00  INFO 15732 --- [MS_Carrinho_Compras] [           main] o.s.i.endpoint.EventDrivenConsumer       : started bean 'consultaUsuarioFlow.org.springframework.integration.config.ConsumerEndpointFactoryBean#1'; defined in: 'class path resource [br/com/ms_carrinho_compras/integration/ConsultaUsuarioConfiguration.class]'; from source: 'bean method consultaUsuarioFlow'
2024-07-14T13:04:02.137-03:00  INFO 15732 --- [MS_Carrinho_Compras] [           main] ProxyFactoryBean$MethodInvocationGateway : started bean 'consultaProdutoGateway#consultaProduto(Message)'
2024-07-14T13:04:02.137-03:00  INFO 15732 --- [MS_Carrinho_Compras] [           main] .s.i.g.AnnotationGatewayProxyFactoryBean : started bean 'consultaProdutoGateway'; defined in: 'file [C:\git\ecommerce-flavia\Ecommerce\MS_Carrinho_Compras\target\classes\br\com\ms_carrinho_compras\integration\gateway\ConsultaProdutoGateway.class]'; from source: 'file [C:\git\ecommerce-flavia\Ecommerce\MS_Carrinho_Compras\target\classes\br\com\ms_carrinho_compras\integration\gateway\ConsultaProdutoGateway.class]'
2024-07-14T13:04:02.137-03:00  INFO 15732 --- [MS_Carrinho_Compras] [           main] ProxyFactoryBean$MethodInvocationGateway : started bean 'consultaUsuarioGateway#consultaUsuario(Message)'
2024-07-14T13:04:02.137-03:00  INFO 15732 --- [MS_Carrinho_Compras] [           main] .s.i.g.AnnotationGatewayProxyFactoryBean : started bean 'consultaUsuarioGateway'; defined in: 'file [C:\git\ecommerce-flavia\Ecommerce\MS_Carrinho_Compras\target\classes\br\com\ms_carrinho_compras\integration\gateway\ConsultaUsuarioGateway.class]'; from source: 'file [C:\git\ecommerce-flavia\Ecommerce\MS_Carrinho_Compras\target\classes\br\com\ms_carrinho_compras\integration\gateway\ConsultaUsuarioGateway.class]'
2024-07-14T13:04:02.151-03:00  INFO 15732 --- [MS_Carrinho_Compras] [           main] b.c.m.MsCarrinhoApplicationTests         : Started MsCarrinhoApplicationTests in 6.986 seconds (process running for 7.716)
2024-07-14T13:04:02.200-03:00  INFO 15732 --- [MS_Carrinho_Compras] [           main] o.s.b.a.b.JobLauncherApplicationRunner   : Running default command line with: []
]]></system-out>
  </testcase>
</testsuite>